Starting Tc001_CustomerRegistration***
Clicked on SignIN button with object: [[FirefoxDriver: firefox on WINDOWS (53264517-56bd-43f5-b7c7-7858777dc97f)] -> link text: Sign in]
Entering Email ID :qatest9077@gmail.com using object[[FirefoxDriver: firefox on WINDOWS (53264517-56bd-43f5-b7c7-7858777dc97f)] -> id: email_create]
Clicking on Create an account: [[FirefoxDriver: firefox on WINDOWS (53264517-56bd-43f5-b7c7-7858777dc97f)] -> id: SubmitCreate]
Starting Tc001_CustomerRegistration***
Clicked on SignIN button with object: [[FirefoxDriver: firefox on WINDOWS (a680b235-22a8-44b4-ab08-819b5d2885db)] -> link text: Sign in]
Entering Email ID :qatest2121@gmail.com using object[[FirefoxDriver: firefox on WINDOWS (a680b235-22a8-44b4-ab08-819b5d2885db)] -> id: email_create]
Clicking on Create an account: [[FirefoxDriver: firefox on WINDOWS (a680b235-22a8-44b4-ab08-819b5d2885db)] -> id: SubmitCreate]
Verifying customer info page by using object: [[FirefoxDriver: firefox on WINDOWS (a680b235-22a8-44b4-ab08-819b5d2885db)] -> xpath: //h1[text()='Create an account']]
Clicking on Mr Radio button by using object: [[FirefoxDriver: firefox on WINDOWS (a680b235-22a8-44b4-ab08-819b5d2885db)] -> id: id_gender1]
Entering first name by using object :[[FirefoxDriver: firefox on WINDOWS (a680b235-22a8-44b4-ab08-819b5d2885db)] -> id: customer_firstname]
Entering last name by using object :[[FirefoxDriver: firefox on WINDOWS (a680b235-22a8-44b4-ab08-819b5d2885db)] -> id: customer_lastname]
Entering password by using object :[[FirefoxDriver: firefox on WINDOWS (a680b235-22a8-44b4-ab08-819b5d2885db)] -> id: passwd]
Selected a day by using object :[[FirefoxDriver: firefox on WINDOWS (a680b235-22a8-44b4-ab08-819b5d2885db)] -> id: days]
Selected a month by using object :[[FirefoxDriver: firefox on WINDOWS (a680b235-22a8-44b4-ab08-819b5d2885db)] -> id: months]
Selected a year by using object :[[FirefoxDriver: firefox on WINDOWS (a680b235-22a8-44b4-ab08-819b5d2885db)] -> id: years]
Entering address by using object :[[FirefoxDriver: firefox on WINDOWS (a680b235-22a8-44b4-ab08-819b5d2885db)] -> id: address1]
Entering state by using object :[[FirefoxDriver: firefox on WINDOWS (a680b235-22a8-44b4-ab08-819b5d2885db)] -> id: city]
Selected a state by using object :[[FirefoxDriver: firefox on WINDOWS (a680b235-22a8-44b4-ab08-819b5d2885db)] -> id: id_state]
Entering zipcode by using object :[[FirefoxDriver: firefox on WINDOWS (a680b235-22a8-44b4-ab08-819b5d2885db)] -> id: postcode]
Selected a country by using object :[[FirefoxDriver: firefox on WINDOWS (a680b235-22a8-44b4-ab08-819b5d2885db)] -> id: id_country]
Entering mobile number by using object :[[FirefoxDriver: firefox on WINDOWS (a680b235-22a8-44b4-ab08-819b5d2885db)] -> id: phone_mobile]
Entering aliasing Address by using object :[[FirefoxDriver: firefox on WINDOWS (a680b235-22a8-44b4-ab08-819b5d2885db)] -> id: alias]
Clicking on Register :Proxy element for: DefaultElementLocator 'By.id: submitAccount'
Verified My account page by using object :[[FirefoxDriver: firefox on WINDOWS (a680b235-22a8-44b4-ab08-819b5d2885db)] -> xpath: //h1[text()='My account']]
Clicked on SignOut button with object : Proxy element for: DefaultElementLocator 'By.linkText: Sign out'
***End of Tc001_CustomerRegistration***
Starting Tc001_CustomerRegistration***
Clicked on SignIN button with object: Proxy element for: DefaultElementLocator 'By.linkText: Sign in'
Entering Email ID :qatest8474@gmail.com using object[[FirefoxDriver: firefox on WINDOWS (5dfac1e6-422e-437d-bbc0-547e887ba7c8)] -> id: email_create]
Clicking on Create an account: [[FirefoxDriver: firefox on WINDOWS (5dfac1e6-422e-437d-bbc0-547e887ba7c8)] -> id: SubmitCreate]
Verifying customer info page by using object: [[FirefoxDriver: firefox on WINDOWS (5dfac1e6-422e-437d-bbc0-547e887ba7c8)] -> xpath: //h1[text()='Create an account']]
Clicking on Mr Radio button by using object: [[FirefoxDriver: firefox on WINDOWS (5dfac1e6-422e-437d-bbc0-547e887ba7c8)] -> id: id_gender1]
Entering first name by using object :[[FirefoxDriver: firefox on WINDOWS (5dfac1e6-422e-437d-bbc0-547e887ba7c8)] -> id: customer_firstname]
Entering last name by using object :[[FirefoxDriver: firefox on WINDOWS (5dfac1e6-422e-437d-bbc0-547e887ba7c8)] -> id: customer_lastname]
Entering password by using object :[[FirefoxDriver: firefox on WINDOWS (5dfac1e6-422e-437d-bbc0-547e887ba7c8)] -> id: passwd]
Selected a day by using object :[[FirefoxDriver: firefox on WINDOWS (5dfac1e6-422e-437d-bbc0-547e887ba7c8)] -> id: days]
Selected a month by using object :[[FirefoxDriver: firefox on WINDOWS (5dfac1e6-422e-437d-bbc0-547e887ba7c8)] -> id: months]
Selected a year by using object :[[FirefoxDriver: firefox on WINDOWS (5dfac1e6-422e-437d-bbc0-547e887ba7c8)] -> id: years]
Entering address by using object :[[FirefoxDriver: firefox on WINDOWS (5dfac1e6-422e-437d-bbc0-547e887ba7c8)] -> id: address1]
Entering state by using object :[[FirefoxDriver: firefox on WINDOWS (5dfac1e6-422e-437d-bbc0-547e887ba7c8)] -> id: city]
Selected a state by using object :[[FirefoxDriver: firefox on WINDOWS (5dfac1e6-422e-437d-bbc0-547e887ba7c8)] -> id: id_state]
Entering zipcode by using object :[[FirefoxDriver: firefox on WINDOWS (5dfac1e6-422e-437d-bbc0-547e887ba7c8)] -> id: postcode]
Selected a country by using object :[[FirefoxDriver: firefox on WINDOWS (5dfac1e6-422e-437d-bbc0-547e887ba7c8)] -> id: id_country]
Entering mobile number by using object :[[FirefoxDriver: firefox on WINDOWS (5dfac1e6-422e-437d-bbc0-547e887ba7c8)] -> id: phone_mobile]
Entering aliasing Address by using object :[[FirefoxDriver: firefox on WINDOWS (5dfac1e6-422e-437d-bbc0-547e887ba7c8)] -> id: alias]
Clicking on Register :Proxy element for: DefaultElementLocator 'By.id: submitAccount'
Verified My account page by using object :[[FirefoxDriver: firefox on WINDOWS (5dfac1e6-422e-437d-bbc0-547e887ba7c8)] -> xpath: //h1[text()='My account']]
Clicked on SignOut button with object : Proxy element for: DefaultElementLocator 'By.linkText: Sign out'
***End of Tc001_CustomerRegistration***
Starting Tc001_CustomerRegistration***
Clicked on SignIN button with object: [[FirefoxDriver: firefox on WINDOWS (eaa67e3c-89b2-473e-9549-0ea754af810f)] -> link text: Sign in]
Entering Email ID :qatest8596@gmail.com using object[[FirefoxDriver: firefox on WINDOWS (eaa67e3c-89b2-473e-9549-0ea754af810f)] -> id: email_create]
Clicking on Create an account: [[FirefoxDriver: firefox on WINDOWS (eaa67e3c-89b2-473e-9549-0ea754af810f)] -> id: SubmitCreate]
Verifying customer info page by using object: [[FirefoxDriver: firefox on WINDOWS (eaa67e3c-89b2-473e-9549-0ea754af810f)] -> xpath: //h1[text()='Create an account']]
Clicking on Mr Radio button by using object: [[FirefoxDriver: firefox on WINDOWS (eaa67e3c-89b2-473e-9549-0ea754af810f)] -> id: id_gender1]
Entering first name by using object :[[FirefoxDriver: firefox on WINDOWS (eaa67e3c-89b2-473e-9549-0ea754af810f)] -> id: customer_firstname]
Entering last name by using object :[[FirefoxDriver: firefox on WINDOWS (eaa67e3c-89b2-473e-9549-0ea754af810f)] -> id: customer_lastname]
Entering password by using object :[[FirefoxDriver: firefox on WINDOWS (eaa67e3c-89b2-473e-9549-0ea754af810f)] -> id: passwd]
Selected a day by using object :[[FirefoxDriver: firefox on WINDOWS (eaa67e3c-89b2-473e-9549-0ea754af810f)] -> id: days]
Selected a month by using object :[[FirefoxDriver: firefox on WINDOWS (eaa67e3c-89b2-473e-9549-0ea754af810f)] -> id: months]
Selected a year by using object :[[FirefoxDriver: firefox on WINDOWS (eaa67e3c-89b2-473e-9549-0ea754af810f)] -> id: years]
Entering address by using object :[[FirefoxDriver: firefox on WINDOWS (eaa67e3c-89b2-473e-9549-0ea754af810f)] -> id: address1]
Entering state by using object :[[FirefoxDriver: firefox on WINDOWS (eaa67e3c-89b2-473e-9549-0ea754af810f)] -> id: city]
Selected a state by using object :[[FirefoxDriver: firefox on WINDOWS (eaa67e3c-89b2-473e-9549-0ea754af810f)] -> id: id_state]
Entering zipcode by using object :[[FirefoxDriver: firefox on WINDOWS (eaa67e3c-89b2-473e-9549-0ea754af810f)] -> id: postcode]
Selected a country by using object :[[FirefoxDriver: firefox on WINDOWS (eaa67e3c-89b2-473e-9549-0ea754af810f)] -> id: id_country]
Entering mobile number by using object :[[FirefoxDriver: firefox on WINDOWS (eaa67e3c-89b2-473e-9549-0ea754af810f)] -> id: phone_mobile]
Entering aliasing Address by using object :[[FirefoxDriver: firefox on WINDOWS (eaa67e3c-89b2-473e-9549-0ea754af810f)] -> id: alias]
Clicking on Register :Proxy element for: DefaultElementLocator 'By.id: submitAccount'
Verified My account page by using object :[[FirefoxDriver: firefox on WINDOWS (eaa67e3c-89b2-473e-9549-0ea754af810f)] -> xpath: //h1[text()='My account']]
Clicked on SignOut button with object : Proxy element for: DefaultElementLocator 'By.linkText: Sign out'
***End of Tc001_CustomerRegistration***
Starting Tc001_CustomerRegistration***
Clicked on SignIN button with object: [[FirefoxDriver: firefox on WINDOWS (3a5f7339-b7fa-4c1a-b900-c57f81c193d3)] -> link text: Sign in]
Entering Email ID :qatest9551@gmail.com using object[[FirefoxDriver: firefox on WINDOWS (3a5f7339-b7fa-4c1a-b900-c57f81c193d3)] -> id: email_create]
Clicking on Create an account: [[FirefoxDriver: firefox on WINDOWS (3a5f7339-b7fa-4c1a-b900-c57f81c193d3)] -> id: SubmitCreate]
Verifying customer info page by using object: [[FirefoxDriver: firefox on WINDOWS (3a5f7339-b7fa-4c1a-b900-c57f81c193d3)] -> xpath: //h1[text()='Create an account']]
Clicking on Mr Radio button by using object: [[FirefoxDriver: firefox on WINDOWS (3a5f7339-b7fa-4c1a-b900-c57f81c193d3)] -> id: id_gender1]
Entering first name by using object :[[FirefoxDriver: firefox on WINDOWS (3a5f7339-b7fa-4c1a-b900-c57f81c193d3)] -> id: customer_firstname]
Entering last name by using object :[[FirefoxDriver: firefox on WINDOWS (3a5f7339-b7fa-4c1a-b900-c57f81c193d3)] -> id: customer_lastname]
Entering password by using object :[[FirefoxDriver: firefox on WINDOWS (3a5f7339-b7fa-4c1a-b900-c57f81c193d3)] -> id: passwd]
Selected a day by using object :[[FirefoxDriver: firefox on WINDOWS (3a5f7339-b7fa-4c1a-b900-c57f81c193d3)] -> id: days]
Selected a month by using object :[[FirefoxDriver: firefox on WINDOWS (3a5f7339-b7fa-4c1a-b900-c57f81c193d3)] -> id: months]
Selected a year by using object :[[FirefoxDriver: firefox on WINDOWS (3a5f7339-b7fa-4c1a-b900-c57f81c193d3)] -> id: years]
Entering address by using object :[[FirefoxDriver: firefox on WINDOWS (3a5f7339-b7fa-4c1a-b900-c57f81c193d3)] -> id: address1]
Entering state by using object :[[FirefoxDriver: firefox on WINDOWS (3a5f7339-b7fa-4c1a-b900-c57f81c193d3)] -> id: city]
Selected a state by using object :[[FirefoxDriver: firefox on WINDOWS (3a5f7339-b7fa-4c1a-b900-c57f81c193d3)] -> id: id_state]
Entering zipcode by using object :[[FirefoxDriver: firefox on WINDOWS (3a5f7339-b7fa-4c1a-b900-c57f81c193d3)] -> id: postcode]
Selected a country by using object :[[FirefoxDriver: firefox on WINDOWS (3a5f7339-b7fa-4c1a-b900-c57f81c193d3)] -> id: id_country]
Entering mobile number by using object :[[FirefoxDriver: firefox on WINDOWS (3a5f7339-b7fa-4c1a-b900-c57f81c193d3)] -> id: phone_mobile]
Entering aliasing Address by using object :[[FirefoxDriver: firefox on WINDOWS (3a5f7339-b7fa-4c1a-b900-c57f81c193d3)] -> id: alias]
Clicking on Register :Proxy element for: DefaultElementLocator 'By.id: submitAccount'
Verified My account page by using object :[[FirefoxDriver: firefox on WINDOWS (3a5f7339-b7fa-4c1a-b900-c57f81c193d3)] -> xpath: //h1[text()='My account']]
Clicked on SignOut button with object : Proxy element for: DefaultElementLocator 'By.linkText: Sign out'
***End of Tc001_CustomerRegistration***
Starting Tc001_CustomerRegistration***
Clicked on SignIN button with object: [[FirefoxDriver: firefox on WINDOWS (7fe33e4d-7e1e-4117-b224-024fc96b618b)] -> link text: Sign in]
Entering Email ID :qatest9100@gmail.com using object[[FirefoxDriver: firefox on WINDOWS (7fe33e4d-7e1e-4117-b224-024fc96b618b)] -> id: email_create]
Clicking on Create an account: Proxy element for: DefaultElementLocator 'By.id: SubmitCreate'
Verifying customer info page by using object: [[FirefoxDriver: firefox on WINDOWS (7fe33e4d-7e1e-4117-b224-024fc96b618b)] -> xpath: //h1[text()='Create an account']]
Clicking on Mr Radio button by using object: [[FirefoxDriver: firefox on WINDOWS (7fe33e4d-7e1e-4117-b224-024fc96b618b)] -> id: id_gender1]
Entering first name by using object :[[FirefoxDriver: firefox on WINDOWS (7fe33e4d-7e1e-4117-b224-024fc96b618b)] -> id: customer_firstname]
Entering last name by using object :[[FirefoxDriver: firefox on WINDOWS (7fe33e4d-7e1e-4117-b224-024fc96b618b)] -> id: customer_lastname]
Entering password by using object :[[FirefoxDriver: firefox on WINDOWS (7fe33e4d-7e1e-4117-b224-024fc96b618b)] -> id: passwd]
Selected a day by using object :[[FirefoxDriver: firefox on WINDOWS (7fe33e4d-7e1e-4117-b224-024fc96b618b)] -> id: days]
Selected a month by using object :[[FirefoxDriver: firefox on WINDOWS (7fe33e4d-7e1e-4117-b224-024fc96b618b)] -> id: months]
Selected a year by using object :[[FirefoxDriver: firefox on WINDOWS (7fe33e4d-7e1e-4117-b224-024fc96b618b)] -> id: years]
Entering address by using object :[[FirefoxDriver: firefox on WINDOWS (7fe33e4d-7e1e-4117-b224-024fc96b618b)] -> id: address1]
Entering state by using object :[[FirefoxDriver: firefox on WINDOWS (7fe33e4d-7e1e-4117-b224-024fc96b618b)] -> id: city]
Selected a state by using object :[[FirefoxDriver: firefox on WINDOWS (7fe33e4d-7e1e-4117-b224-024fc96b618b)] -> id: id_state]
Entering zipcode by using object :[[FirefoxDriver: firefox on WINDOWS (7fe33e4d-7e1e-4117-b224-024fc96b618b)] -> id: postcode]
Selected a country by using object :[[FirefoxDriver: firefox on WINDOWS (7fe33e4d-7e1e-4117-b224-024fc96b618b)] -> id: id_country]
Entering mobile number by using object :[[FirefoxDriver: firefox on WINDOWS (7fe33e4d-7e1e-4117-b224-024fc96b618b)] -> id: phone_mobile]
Entering aliasing Address by using object :[[FirefoxDriver: firefox on WINDOWS (7fe33e4d-7e1e-4117-b224-024fc96b618b)] -> id: alias]
Clicking on Register :Proxy element for: DefaultElementLocator 'By.id: submitAccount'
Verified My account page by using object :[[FirefoxDriver: firefox on WINDOWS (7fe33e4d-7e1e-4117-b224-024fc96b618b)] -> xpath: //h1[text()='My account']]
Clicked on SignOut button with object : Proxy element for: DefaultElementLocator 'By.linkText: Sign out'
***End of Tc001_CustomerRegistration***
Starting Tc001_CustomerRegistration***
Clicked on SignIN button with object: [[FirefoxDriver: firefox on WINDOWS (6979f965-13f3-44dc-82d6-0c9fcfd65912)] -> link text: Sign in]
Entering Email ID :qatest7143@gmail.com using object[[FirefoxDriver: firefox on WINDOWS (6979f965-13f3-44dc-82d6-0c9fcfd65912)] -> id: email_create]
Clicking on Create an account: [[FirefoxDriver: firefox on WINDOWS (6979f965-13f3-44dc-82d6-0c9fcfd65912)] -> id: SubmitCreate]
Starting Tc001_CustomerRegistration***
Clicked on SignIN button with object: [[FirefoxDriver: firefox on WINDOWS (6979f965-13f3-44dc-82d6-0c9fcfd65912)] -> link text: Sign in]
Entering Email ID :qatest1253@gmail.com using object[[FirefoxDriver: firefox on WINDOWS (6979f965-13f3-44dc-82d6-0c9fcfd65912)] -> id: email_create]
Clicking on Create an account: [[FirefoxDriver: firefox on WINDOWS (6979f965-13f3-44dc-82d6-0c9fcfd65912)] -> id: SubmitCreate]
Verifying customer info page by using object: [[FirefoxDriver: firefox on WINDOWS (6979f965-13f3-44dc-82d6-0c9fcfd65912)] -> xpath: //h1[text()='Create an account']]
Clicking on Mr Radio button by using object: [[FirefoxDriver: firefox on WINDOWS (6979f965-13f3-44dc-82d6-0c9fcfd65912)] -> id: id_gender1]
Entering first name by using object :[[FirefoxDriver: firefox on WINDOWS (6979f965-13f3-44dc-82d6-0c9fcfd65912)] -> id: customer_firstname]
Entering last name by using object :[[FirefoxDriver: firefox on WINDOWS (6979f965-13f3-44dc-82d6-0c9fcfd65912)] -> id: customer_lastname]
Entering password by using object :[[FirefoxDriver: firefox on WINDOWS (6979f965-13f3-44dc-82d6-0c9fcfd65912)] -> id: passwd]
Selected a day by using object :[[FirefoxDriver: firefox on WINDOWS (6979f965-13f3-44dc-82d6-0c9fcfd65912)] -> id: days]
Selected a month by using object :[[FirefoxDriver: firefox on WINDOWS (6979f965-13f3-44dc-82d6-0c9fcfd65912)] -> id: months]
Selected a year by using object :[[FirefoxDriver: firefox on WINDOWS (6979f965-13f3-44dc-82d6-0c9fcfd65912)] -> id: years]
Entering address by using object :[[FirefoxDriver: firefox on WINDOWS (6979f965-13f3-44dc-82d6-0c9fcfd65912)] -> id: address1]
Entering state by using object :[[FirefoxDriver: firefox on WINDOWS (6979f965-13f3-44dc-82d6-0c9fcfd65912)] -> id: city]
Selected a state by using object :[[FirefoxDriver: firefox on WINDOWS (6979f965-13f3-44dc-82d6-0c9fcfd65912)] -> id: id_state]
Entering zipcode by using object :[[FirefoxDriver: firefox on WINDOWS (6979f965-13f3-44dc-82d6-0c9fcfd65912)] -> id: postcode]
Selected a country by using object :[[FirefoxDriver: firefox on WINDOWS (6979f965-13f3-44dc-82d6-0c9fcfd65912)] -> id: id_country]
Entering mobile number by using object :[[FirefoxDriver: firefox on WINDOWS (6979f965-13f3-44dc-82d6-0c9fcfd65912)] -> id: phone_mobile]
Entering aliasing Address by using object :[[FirefoxDriver: firefox on WINDOWS (6979f965-13f3-44dc-82d6-0c9fcfd65912)] -> id: alias]
Clicking on Register :Proxy element for: DefaultElementLocator 'By.id: submitAccount'
Verified My account page by using object :[[FirefoxDriver: firefox on WINDOWS (6979f965-13f3-44dc-82d6-0c9fcfd65912)] -> xpath: //h1[text()='My account']]
Clicked on SignOut button with object : Proxy element for: DefaultElementLocator 'By.linkText: Sign out'
***End of Tc001_CustomerRegistration***
Starting Tc001_CustomerRegistration***
Clicked on SignIN button with object: [[FirefoxDriver: firefox on WINDOWS (bb1a47fc-f650-4d53-9628-77e743215b4a)] -> link text: Sign in]
Entering Email ID :qatest4395@gmail.com using object[[FirefoxDriver: firefox on WINDOWS (bb1a47fc-f650-4d53-9628-77e743215b4a)] -> id: email_create]
Clicking on Create an account: [[FirefoxDriver: firefox on WINDOWS (bb1a47fc-f650-4d53-9628-77e743215b4a)] -> id: SubmitCreate]
Starting Tc001_CustomerRegistration***
Clicked on SignIN button with object: [[FirefoxDriver: firefox on WINDOWS (bb1a47fc-f650-4d53-9628-77e743215b4a)] -> link text: Sign in]
Entering Email ID :qatest6302@gmail.com using object[[FirefoxDriver: firefox on WINDOWS (bb1a47fc-f650-4d53-9628-77e743215b4a)] -> id: email_create]
Clicking on Create an account: [[FirefoxDriver: firefox on WINDOWS (bb1a47fc-f650-4d53-9628-77e743215b4a)] -> id: SubmitCreate]
Starting Tc001_CustomerRegistration***
Clicked on SignIN button with object: [[FirefoxDriver: firefox on WINDOWS (bb1a47fc-f650-4d53-9628-77e743215b4a)] -> link text: Sign in]
Entering Email ID :qatest4768@gmail.com using object[[FirefoxDriver: firefox on WINDOWS (bb1a47fc-f650-4d53-9628-77e743215b4a)] -> id: email_create]
Clicking on Create an account: [[FirefoxDriver: firefox on WINDOWS (bb1a47fc-f650-4d53-9628-77e743215b4a)] -> id: SubmitCreate]
Verifying customer info page by using object: [[FirefoxDriver: firefox on WINDOWS (bb1a47fc-f650-4d53-9628-77e743215b4a)] -> xpath: //h1[text()='Create an account']]
Clicking on Mr Radio button by using object: [[FirefoxDriver: firefox on WINDOWS (bb1a47fc-f650-4d53-9628-77e743215b4a)] -> id: id_gender1]
Entering first name by using object :[[FirefoxDriver: firefox on WINDOWS (bb1a47fc-f650-4d53-9628-77e743215b4a)] -> id: customer_firstname]
Entering last name by using object :[[FirefoxDriver: firefox on WINDOWS (bb1a47fc-f650-4d53-9628-77e743215b4a)] -> id: customer_lastname]
Entering password by using object :[[FirefoxDriver: firefox on WINDOWS (bb1a47fc-f650-4d53-9628-77e743215b4a)] -> id: passwd]
Selected a day by using object :[[FirefoxDriver: firefox on WINDOWS (bb1a47fc-f650-4d53-9628-77e743215b4a)] -> id: days]
Selected a month by using object :[[FirefoxDriver: firefox on WINDOWS (bb1a47fc-f650-4d53-9628-77e743215b4a)] -> id: months]
Selected a year by using object :[[FirefoxDriver: firefox on WINDOWS (bb1a47fc-f650-4d53-9628-77e743215b4a)] -> id: years]
Entering address by using object :[[FirefoxDriver: firefox on WINDOWS (bb1a47fc-f650-4d53-9628-77e743215b4a)] -> id: address1]
Entering state by using object :[[FirefoxDriver: firefox on WINDOWS (bb1a47fc-f650-4d53-9628-77e743215b4a)] -> id: city]
Selected a state by using object :[[FirefoxDriver: firefox on WINDOWS (bb1a47fc-f650-4d53-9628-77e743215b4a)] -> id: id_state]
Entering zipcode by using object :[[FirefoxDriver: firefox on WINDOWS (bb1a47fc-f650-4d53-9628-77e743215b4a)] -> id: postcode]
Selected a country by using object :[[FirefoxDriver: firefox on WINDOWS (bb1a47fc-f650-4d53-9628-77e743215b4a)] -> id: id_country]
Entering mobile number by using object :[[FirefoxDriver: firefox on WINDOWS (bb1a47fc-f650-4d53-9628-77e743215b4a)] -> id: phone_mobile]
Entering aliasing Address by using object :[[FirefoxDriver: firefox on WINDOWS (bb1a47fc-f650-4d53-9628-77e743215b4a)] -> id: alias]
Clicking on Register :Proxy element for: DefaultElementLocator 'By.id: submitAccount'
Verified My account page by using object :[[FirefoxDriver: firefox on WINDOWS (bb1a47fc-f650-4d53-9628-77e743215b4a)] -> xpath: //h1[text()='My account']]
Clicked on SignOut button with object : Proxy element for: DefaultElementLocator 'By.linkText: Sign out'
***End of Tc001_CustomerRegistration***
Starting Tc001_CustomerRegistration***
Clicked on SignIN button with object: [[FirefoxDriver: firefox on WINDOWS (34b02cb5-1931-4020-9c84-4271101c8311)] -> link text: Sign in]
Entering Email ID :qatest7373@gmail.com using object[[FirefoxDriver: firefox on WINDOWS (34b02cb5-1931-4020-9c84-4271101c8311)] -> id: email_create]
Clicking on Create an account: [[FirefoxDriver: firefox on WINDOWS (34b02cb5-1931-4020-9c84-4271101c8311)] -> id: SubmitCreate]
Verifying customer info page by using object: [[FirefoxDriver: firefox on WINDOWS (34b02cb5-1931-4020-9c84-4271101c8311)] -> xpath: //h1[text()='Create an account']]
Clicking on Mr Radio button by using object: [[FirefoxDriver: firefox on WINDOWS (34b02cb5-1931-4020-9c84-4271101c8311)] -> id: id_gender1]
Entering first name by using object :[[FirefoxDriver: firefox on WINDOWS (34b02cb5-1931-4020-9c84-4271101c8311)] -> id: customer_firstname]
Entering last name by using object :[[FirefoxDriver: firefox on WINDOWS (34b02cb5-1931-4020-9c84-4271101c8311)] -> id: customer_lastname]
Entering password by using object :[[FirefoxDriver: firefox on WINDOWS (34b02cb5-1931-4020-9c84-4271101c8311)] -> id: passwd]
Selected a day by using object :[[FirefoxDriver: firefox on WINDOWS (34b02cb5-1931-4020-9c84-4271101c8311)] -> id: days]
Selected a month by using object :[[FirefoxDriver: firefox on WINDOWS (34b02cb5-1931-4020-9c84-4271101c8311)] -> id: months]
Selected a year by using object :[[FirefoxDriver: firefox on WINDOWS (34b02cb5-1931-4020-9c84-4271101c8311)] -> id: years]
Entering address by using object :[[FirefoxDriver: firefox on WINDOWS (34b02cb5-1931-4020-9c84-4271101c8311)] -> id: address1]
Entering state by using object :[[FirefoxDriver: firefox on WINDOWS (34b02cb5-1931-4020-9c84-4271101c8311)] -> id: city]
Selected a state by using object :[[FirefoxDriver: firefox on WINDOWS (34b02cb5-1931-4020-9c84-4271101c8311)] -> id: id_state]
Entering zipcode by using object :[[FirefoxDriver: firefox on WINDOWS (34b02cb5-1931-4020-9c84-4271101c8311)] -> id: postcode]
Selected a country by using object :[[FirefoxDriver: firefox on WINDOWS (34b02cb5-1931-4020-9c84-4271101c8311)] -> id: id_country]
Entering mobile number by using object :[[FirefoxDriver: firefox on WINDOWS (34b02cb5-1931-4020-9c84-4271101c8311)] -> id: phone_mobile]
Entering aliasing Address by using object :[[FirefoxDriver: firefox on WINDOWS (34b02cb5-1931-4020-9c84-4271101c8311)] -> id: alias]
Clicking on Register :Proxy element for: DefaultElementLocator 'By.id: submitAccount'
Verified My account page by using object :[[FirefoxDriver: firefox on WINDOWS (34b02cb5-1931-4020-9c84-4271101c8311)] -> xpath: //h1[text()='My account']]
Clicked on SignOut button with object : Proxy element for: DefaultElementLocator 'By.linkText: Sign out'
***End of Tc001_CustomerRegistration***
Starting Tc001_CustomerRegistration***
Starting Tc001_CustomerRegistration***
Starting Tc001_CustomerRegistration***
Starting Tc001_CustomerRegistration***
Starting Tc001_CustomerRegistration***
Clicked on SignIN button with object: [[FirefoxDriver: firefox on WINDOWS (d026b89f-5dd9-4c52-b9f6-9a42d42edf4b)] -> link text: Sign in]
Entering Email ID :qatest2066@gmail.com using object[[FirefoxDriver: firefox on WINDOWS (d026b89f-5dd9-4c52-b9f6-9a42d42edf4b)] -> id: email_create]
Clicking on Create an account: [[FirefoxDriver: firefox on WINDOWS (d026b89f-5dd9-4c52-b9f6-9a42d42edf4b)] -> id: SubmitCreate]
Verifying customer info page by using object: [[FirefoxDriver: firefox on WINDOWS (d026b89f-5dd9-4c52-b9f6-9a42d42edf4b)] -> xpath: //h1[text()='Create an account']]
Clicking on Mr Radio button by using object: [[FirefoxDriver: firefox on WINDOWS (d026b89f-5dd9-4c52-b9f6-9a42d42edf4b)] -> id: id_gender1]
Entering first name by using object :[[FirefoxDriver: firefox on WINDOWS (d026b89f-5dd9-4c52-b9f6-9a42d42edf4b)] -> id: customer_firstname]
Entering last name by using object :[[FirefoxDriver: firefox on WINDOWS (d026b89f-5dd9-4c52-b9f6-9a42d42edf4b)] -> id: customer_lastname]
Entering password by using object :[[FirefoxDriver: firefox on WINDOWS (d026b89f-5dd9-4c52-b9f6-9a42d42edf4b)] -> id: passwd]
Selected a day by using object :[[FirefoxDriver: firefox on WINDOWS (d026b89f-5dd9-4c52-b9f6-9a42d42edf4b)] -> id: days]
Selected a month by using object :[[FirefoxDriver: firefox on WINDOWS (d026b89f-5dd9-4c52-b9f6-9a42d42edf4b)] -> id: months]
Selected a year by using object :[[FirefoxDriver: firefox on WINDOWS (d026b89f-5dd9-4c52-b9f6-9a42d42edf4b)] -> id: years]
Entering address by using object :[[FirefoxDriver: firefox on WINDOWS (d026b89f-5dd9-4c52-b9f6-9a42d42edf4b)] -> id: address1]
Entering state by using object :[[FirefoxDriver: firefox on WINDOWS (d026b89f-5dd9-4c52-b9f6-9a42d42edf4b)] -> id: city]
Selected a state by using object :[[FirefoxDriver: firefox on WINDOWS (d026b89f-5dd9-4c52-b9f6-9a42d42edf4b)] -> id: id_state]
Entering zipcode by using object :[[FirefoxDriver: firefox on WINDOWS (d026b89f-5dd9-4c52-b9f6-9a42d42edf4b)] -> id: postcode]
Selected a country by using object :[[FirefoxDriver: firefox on WINDOWS (d026b89f-5dd9-4c52-b9f6-9a42d42edf4b)] -> id: id_country]
Entering mobile number by using object :[[FirefoxDriver: firefox on WINDOWS (d026b89f-5dd9-4c52-b9f6-9a42d42edf4b)] -> id: phone_mobile]
Entering aliasing Address by using object :[[FirefoxDriver: firefox on WINDOWS (d026b89f-5dd9-4c52-b9f6-9a42d42edf4b)] -> id: alias]
Clicking on Register :Proxy element for: DefaultElementLocator 'By.id: submitAccount'
Verified My account page by using object :[[FirefoxDriver: firefox on WINDOWS (d026b89f-5dd9-4c52-b9f6-9a42d42edf4b)] -> xpath: //h1[text()='My account']]
Clicked on SignOut button with object : Proxy element for: DefaultElementLocator 'By.linkText: Sign out'
***End of Tc001_CustomerRegistration***
Starting Tc001_CustomerRegistration***
Clicked on SignIN button with object: Proxy element for: DefaultElementLocator 'By.linkText: Sign in'
Starting Tc001_CustomerRegistration***
Starting Tc001_CustomerRegistration***
Starting Tc001_CustomerRegistration***
Starting Tc001_CustomerRegistration***
Clicked on SignIN button with object: [[FirefoxDriver: firefox on WINDOWS (48f72d06-361f-4b73-863d-d9b4c8aa9244)] -> xpath: //*[@id='header']/div[2]/div/div/nav/div[1]/a]
Entering Email ID :qatest7902@gmail.com using object[[FirefoxDriver: firefox on WINDOWS (48f72d06-361f-4b73-863d-d9b4c8aa9244)] -> id: email_create]
Clicking on Create an account: [[FirefoxDriver: firefox on WINDOWS (48f72d06-361f-4b73-863d-d9b4c8aa9244)] -> id: SubmitCreate]
Verifying customer info page by using object: [[FirefoxDriver: firefox on WINDOWS (48f72d06-361f-4b73-863d-d9b4c8aa9244)] -> xpath: //h1[text()='Create an account']]
Clicking on Mr Radio button by using object: [[FirefoxDriver: firefox on WINDOWS (48f72d06-361f-4b73-863d-d9b4c8aa9244)] -> id: id_gender1]
Entering first name by using object :[[FirefoxDriver: firefox on WINDOWS (48f72d06-361f-4b73-863d-d9b4c8aa9244)] -> id: customer_firstname]
Entering last name by using object :[[FirefoxDriver: firefox on WINDOWS (48f72d06-361f-4b73-863d-d9b4c8aa9244)] -> id: customer_lastname]
Entering password by using object :[[FirefoxDriver: firefox on WINDOWS (48f72d06-361f-4b73-863d-d9b4c8aa9244)] -> id: passwd]
Selected a day by using object :[[FirefoxDriver: firefox on WINDOWS (48f72d06-361f-4b73-863d-d9b4c8aa9244)] -> id: days]
Selected a month by using object :[[FirefoxDriver: firefox on WINDOWS (48f72d06-361f-4b73-863d-d9b4c8aa9244)] -> id: months]
Selected a year by using object :[[FirefoxDriver: firefox on WINDOWS (48f72d06-361f-4b73-863d-d9b4c8aa9244)] -> id: years]
Entering address by using object :[[FirefoxDriver: firefox on WINDOWS (48f72d06-361f-4b73-863d-d9b4c8aa9244)] -> id: address1]
Entering state by using object :[[FirefoxDriver: firefox on WINDOWS (48f72d06-361f-4b73-863d-d9b4c8aa9244)] -> id: city]
Selected a state by using object :[[FirefoxDriver: firefox on WINDOWS (48f72d06-361f-4b73-863d-d9b4c8aa9244)] -> id: id_state]
Entering zipcode by using object :[[FirefoxDriver: firefox on WINDOWS (48f72d06-361f-4b73-863d-d9b4c8aa9244)] -> id: postcode]
Selected a country by using object :[[FirefoxDriver: firefox on WINDOWS (48f72d06-361f-4b73-863d-d9b4c8aa9244)] -> id: id_country]
Entering mobile number by using object :[[FirefoxDriver: firefox on WINDOWS (48f72d06-361f-4b73-863d-d9b4c8aa9244)] -> id: phone_mobile]
Entering aliasing Address by using object :[[FirefoxDriver: firefox on WINDOWS (48f72d06-361f-4b73-863d-d9b4c8aa9244)] -> id: alias]
Clicking on Register :Proxy element for: DefaultElementLocator 'By.id: submitAccount'
Verified My account page by using object :[[FirefoxDriver: firefox on WINDOWS (48f72d06-361f-4b73-863d-d9b4c8aa9244)] -> xpath: //h1[text()='My account']]
Clicked on SignOut button with object : Proxy element for: DefaultElementLocator 'By.linkText: Sign out'
***End of Tc001_CustomerRegistration***
